[2016-11-26 18:26:35] START
[2016-11-26 18:28:41] EDIT ExFound/models/db.py: -43
[2016-11-26 18:42:41] EDIT ExFound/views/layout.html: -55
[2016-11-26 18:42:44] EDIT ExFound/views/default/index.html: 0
[2016-11-26 18:43:02] EDIT ExFound/views/default/index.html: -47
[2016-11-26 18:43:16] EDIT ExFound/views/default/index.html: -1
[2016-11-26 18:43:16] EDIT ExFound/views/default/index.html: 0
[2016-11-26 18:44:47] DELETE ExFound/models/menu.py: -121
[2016-11-26 18:45:11] EDIT ExFound/views/default/index.html: 0
[2016-11-26 18:47:16] EDIT ExFound/controllers/default.py: -1
[2016-11-26 18:48:40] EDIT ExFound/views/default/index.html: 5
[2016-11-26 18:49:01] EDIT ExFound/views/layout.html: -11
[2016-11-26 18:49:16] EDIT ExFound/views/layout.html: -3
[2016-11-26 18:51:20] EDIT ExFound/views/default/index.html: 0
[2016-11-26 18:51:21] EDIT ExFound/views/default/index.html: 0
[2016-11-26 18:52:14] EDIT ExFound/views/default/index.html: 0
[2016-11-26 18:52:21] EDIT ExFound/views/default/index.html: 0
[2016-11-26 18:53:28] EDIT ExFound/views/layout.html: 1
[2016-11-26 18:54:10] EDIT ExFound/views/default/index.html: 0
[2016-11-26 18:54:29] EDIT ExFound/views/default/index.html: 0
[2016-11-26 18:54:37] EDIT ExFound/views/layout.html: 0
[2016-11-26 18:54:42] EDIT ExFound/views/default/index.html: 0
[2016-11-26 18:55:27] EDIT ExFound/views/default/index.html: 5
[2016-11-26 18:55:49] EDIT ExFound/views/default/index.html: 1
[2016-11-26 18:56:35] EDIT ExFound/views/layout.html: 0
[2016-11-26 18:56:47] EDIT ExFound/views/default/index.html: -4
[2016-11-26 18:57:17] EDIT ExFound/views/default/index.html: 4
[2016-11-26 18:58:30] EDIT ExFound/views/default/index.html: 3
[2016-11-26 18:58:48] EDIT ExFound/views/default/index.html: 1
[2016-11-26 18:59:17] EDIT ExFound/views/default/index.html: 0
[2016-11-26 19:01:53] EDIT ExFound/views/default/index.html: 0
[2016-11-26 19:02:13] EDIT ExFound/views/default/index.html: 0
[2016-11-26 19:02:28] EDIT ExFound/views/default/index.html: 0
[2016-11-26 19:03:20] EDIT ExFound/views/layout.html: 0
[2016-11-26 19:03:28] EDIT ExFound/views/layout.html: 0
[2016-11-26 19:04:46] EDIT ExFound/views/layout.html: 0
[2016-11-26 19:05:38] DELETE ExFound/views/default/index.html: -16
[2016-11-26 19:06:03] CREATE default/index.html: 0
[2016-11-26 19:06:17] EDIT ExFound/views/default/index.html: 0
[2016-11-26 19:06:24] EDIT ExFound/views/default/index.html: -1
[2016-11-26 19:07:02] EDIT ExFound/views/layout.html: 3
[2016-11-26 19:07:09] EDIT ExFound/views/default/index.html: -1
[2016-11-26 19:09:21] EDIT ExFound/views/default/index.html: 5
[2016-11-26 19:09:44] EDIT ExFound/views/default/index.html: 0
[2016-11-26 19:09:53] EDIT ExFound/views/layout.html: 1
[2016-11-26 19:12:10] EDIT ExFound/views/default/index.html: 0
[2016-11-26 19:12:10] EDIT ExFound/views/default/index.html: 0
[2016-11-26 19:14:49] EDIT ExFound/views/layout.html: 0
[2016-11-26 19:16:26] EDIT ExFound/views/layout.html: -6
[2016-11-26 19:17:12] EDIT ExFound/views/layout.html: -2
[2016-11-26 19:17:14] EDIT ExFound/views/layout.html: 0
[2016-11-26 19:17:24] EDIT ExFound/views/default/index.html: -3
[2016-11-26 19:18:54] EDIT ExFound/views/default/index.html: 3
[2016-11-26 19:19:45] EDIT ExFound/views/default/index.html: 0
[2016-11-26 19:19:55] EDIT ExFound/views/default/index.html: 0
[2016-11-26 19:21:01] EDIT ExFound/views/default/index.html: 7
[2016-11-26 19:21:18] EDIT ExFound/views/default/index.html: 2
[2016-11-26 19:22:22] EDIT ExFound/views/default/index.html: 3
[2016-11-26 19:22:58] EDIT ExFound/views/default/index.html: 1
[2016-11-26 19:23:39] EDIT ExFound/views/default/index.html: 2
[2016-11-26 19:24:18] EDIT ExFound/views/default/index.html: 1
[2016-11-26 19:24:48] EDIT ExFound/views/default/index.html: -1
[2016-11-26 19:25:02] EDIT ExFound/views/default/index.html: 1
[2016-11-26 19:25:50] EDIT ExFound/views/default/index.html: 0
[2016-11-26 19:26:14] EDIT ExFound/views/default/index.html: 0
[2016-11-26 19:26:29] EDIT ExFound/views/default/index.html: 0
[2016-11-26 19:26:36] EDIT ExFound/views/default/index.html: 0
[2016-11-26 19:26:43] EDIT ExFound/views/default/index.html: 0
[2016-11-26 19:26:50] EDIT ExFound/views/default/index.html: 0
[2016-11-26 19:27:21] EDIT ExFound/views/default/index.html: 1
[2016-11-26 19:28:24] EDIT ExFound/views/default/index.html: 1
[2016-11-26 19:30:40] EDIT ExFound/views/default/index.html: 13
[2016-11-26 19:31:26] EDIT ExFound/views/default/index.html: 0
[2016-11-26 19:33:14] EDIT ExFound/views/default/index.html: 4
[2016-11-26 19:33:20] EDIT ExFound/views/default/index.html: 0
[2016-11-26 19:34:16] EDIT ExFound/views/default/index.html: 1
[2016-11-26 19:34:47] EDIT ExFound/views/default/index.html: -5
[2016-11-26 19:35:20] EDIT ExFound/views/default/index.html: -3
[2016-11-26 19:36:59] EDIT ExFound/views/default/index.html: 2
[2016-11-26 19:38:04] EDIT ExFound/views/default/index.html: 1
[2016-11-26 19:38:30] EDIT ExFound/views/default/index.html: 1
[2016-11-26 19:38:39] EDIT ExFound/views/default/index.html: 1
[2016-11-26 19:38:44] EDIT ExFound/views/default/index.html: 0
[2016-11-26 19:39:17] EDIT ExFound/views/default/index.html: 0
[2016-11-26 19:39:38] EDIT ExFound/views/default/index.html: 3
[2016-11-26 19:40:00] EDIT ExFound/views/default/index.html: -3
[2016-11-26 19:40:55] EDIT ExFound/views/default/index.html: 2
[2016-11-26 19:43:52] EDIT ExFound/views/default/index.html: 0
[2016-11-26 19:44:46] EDIT ExFound/views/default/index.html: 1
[2016-11-26 19:44:54] EDIT ExFound/views/default/index.html: 1
[2016-11-26 19:46:18] EDIT ExFound/views/default/index.html: 0
[2016-11-26 19:46:26] EDIT ExFound/views/default/index.html: 0
[2016-11-26 19:48:02] EDIT ExFound/views/default/index.html: 0
[2016-11-26 19:48:13] EDIT ExFound/views/default/index.html: 0
[2016-11-26 19:48:57] EDIT ExFound/views/default/index.html: 0
[2016-11-26 19:49:23] EDIT ExFound/views/default/index.html: 1
[2016-11-26 19:49:33] EDIT ExFound/views/default/index.html: 0
[2016-11-26 19:49:58] EDIT ExFound/views/default/index.html: 0
[2016-11-26 19:50:16] EDIT ExFound/views/default/index.html: -1
[2016-11-26 19:50:55] EDIT ExFound/views/default/index.html: -1
[2016-11-26 19:51:29] EDIT ExFound/views/default/index.html: 4
[2016-11-26 19:51:38] EDIT ExFound/views/default/index.html: 0
[2016-11-26 19:51:55] EDIT ExFound/views/default/index.html: 0
[2016-11-26 19:52:51] EDIT ExFound/views/default/index.html: 0
[2016-11-26 19:55:01] EDIT ExFound/views/default/index.html: 0
[2016-11-26 19:55:07] EDIT ExFound/views/default/index.html: 0
[2016-11-26 19:55:22] EDIT ExFound/views/default/index.html: -1
[2016-11-26 19:56:30] EDIT ExFound/views/default/index.html: 4
[2016-11-26 19:56:49] EDIT ExFound/views/default/index.html: 0
[2016-11-26 19:57:04] EDIT ExFound/views/default/index.html: 0
[2016-11-26 19:57:39] EDIT ExFound/views/default/index.html: -3
[2016-11-26 19:57:49] EDIT ExFound/views/default/index.html: 1
[2016-11-26 19:58:59] EDIT ExFound/views/default/index.html: 3
[2016-11-26 19:59:03] EDIT ExFound/views/default/index.html: 0
[2016-11-26 19:59:14] EDIT ExFound/views/default/index.html: 1
[2016-11-26 19:59:22] EDIT ExFound/views/default/index.html: 0
[2016-11-26 19:59:55] EDIT ExFound/views/default/index.html: 0
[2016-11-26 20:00:56] EDIT ExFound/views/default/index.html: 0
[2016-11-26 20:03:39] EDIT ExFound/views/default/index.html: 3
[2016-11-26 20:03:54] EDIT ExFound/views/default/index.html: 0
[2016-11-26 20:03:56] EDIT ExFound/views/default/index.html: 0
[2016-11-26 20:05:17] EDIT ExFound/views/default/index.html: -1
[2016-11-26 20:07:14] EDIT ExFound/views/default/index.html: 0
[2016-11-26 20:07:31] EDIT ExFound/views/default/index.html: 0
[2016-11-26 20:07:36] EDIT ExFound/views/default/index.html: 0
[2016-11-26 20:07:45] EDIT ExFound/views/default/index.html: 0
[2016-11-26 20:12:25] EDIT ExFound/views/default/index.html: 9
[2016-11-26 20:17:08] EDIT ExFound/views/default/index.html: 1
[2016-11-26 20:17:22] EDIT ExFound/views/default/index.html: 1
[2016-11-26 20:18:11] EDIT ExFound/views/default/index.html: -2
[2016-11-26 20:18:31] EDIT ExFound/views/default/index.html: 0
[2016-11-26 20:20:02] EDIT ExFound/views/default/index.html: 1
[2016-11-26 20:20:15] EDIT ExFound/views/default/index.html: 0
[2016-11-26 20:28:22] EDIT ExFound/views/default/index.html: 2
[2016-11-26 20:29:28] EDIT ExFound/views/default/index.html: 0
[2016-11-26 20:30:02] EDIT ExFound/views/default/index.html: 0
[2016-11-26 20:33:29] EDIT ExFound/views/default/index.html: -2
[2016-11-26 20:34:05] EDIT ExFound/views/default/index.html: 2
[2016-11-26 21:41:48] EDIT ExFound/views/default/index.html: -4
[2016-11-26 21:42:57] EDIT ExFound/views/layout.html: 0
[2016-11-26 21:43:47] EDIT ExFound/views/layout.html: 0
[2016-11-26 21:43:51] EDIT ExFound/views/layout.html: 0
[2016-11-26 21:44:31] EDIT ExFound/views/layout.html: 0
[2016-11-26 21:44:47] EDIT ExFound/views/layout.html: 0
[2016-11-26 21:45:08] EDIT ExFound/views/layout.html: 0
[2016-11-26 21:45:40] EDIT ExFound/views/layout.html: 0
[2016-11-26 21:46:04] EDIT ExFound/views/default/index.html: -1
[2016-11-26 21:47:00] EDIT ExFound/views/default/index.html: 2
[2016-11-26 21:51:29] CREATE default/menu.html: 0
[2016-11-26 21:51:53] EDIT ExFound/views/default/menu.html: 5
[2016-11-26 21:52:22] EDIT ExFound/controllers/default.py: 2
[2016-11-26 21:52:27] EDIT ExFound/controllers/default.py: 0
[2016-11-26 21:52:44] EDIT ExFound/views/default/menu.html: 19
[2016-11-26 22:09:13] EDIT ExFound/views/default/menu.html: 10
[2016-11-26 22:09:49] EDIT ExFound/views/default/menu.html: 3
[2016-11-26 22:10:02] EDIT ExFound/views/default/menu.html: 3
[2016-11-26 22:10:48] EDIT ExFound/views/default/menu.html: 12
[2016-11-26 22:11:32] EDIT ExFound/views/default/menu.html: 0
[2016-11-26 22:17:12] EDIT ExFound/views/default/menu.html: -16
[2016-11-26 22:18:31] EDIT ExFound/views/default/menu.html: 0
[2016-11-26 22:19:15] EDIT ExFound/views/default/menu.html: 3
[2016-11-26 22:19:27] EDIT ExFound/views/default/menu.html: 0
[2016-11-26 22:19:51] EDIT ExFound/views/default/menu.html: 0
[2016-11-26 22:20:30] EDIT ExFound/views/default/menu.html: 0
[2016-11-26 22:20:43] EDIT ExFound/views/default/menu.html: 1
[2016-11-26 22:20:57] EDIT ExFound/views/default/menu.html: 0
[2016-11-26 22:21:23] EDIT ExFound/views/default/menu.html: 10
[2016-11-26 22:21:43] EDIT ExFound/views/default/menu.html: 0
[2016-11-26 22:21:58] EDIT ExFound/views/default/menu.html: 1
[2016-11-26 22:22:35] EDIT ExFound/views/default/menu.html: 0
[2016-11-26 22:22:44] EDIT ExFound/views/default/menu.html: 0
[2016-11-26 22:23:16] EDIT ExFound/views/default/menu.html: 0
[2016-11-26 22:23:47] EDIT ExFound/views/default/menu.html: 0
[2016-11-26 22:24:00] EDIT ExFound/views/default/menu.html: 0
[2016-11-26 22:24:20] EDIT ExFound/views/default/menu.html: 1
[2016-11-26 22:24:46] EDIT ExFound/views/default/menu.html: 0
[2016-11-26 22:24:51] EDIT ExFound/views/default/menu.html: 0
[2016-11-26 22:24:57] EDIT ExFound/views/default/menu.html: -1
[2016-11-26 22:25:09] EDIT ExFound/views/default/menu.html: 3
[2016-11-26 22:25:21] EDIT ExFound/views/default/menu.html: 0
[2016-11-26 22:28:17] EDIT ExFound/views/default/menu.html: 0
[2016-11-26 22:28:34] EDIT ExFound/views/default/menu.html: 0
[2016-11-26 22:29:05] EDIT ExFound/views/default/menu.html: 0
[2016-11-26 22:29:14] EDIT ExFound/views/default/menu.html: 0
[2016-11-26 22:29:42] EDIT ExFound/views/default/menu.html: 0
[2016-11-26 22:29:46] EDIT ExFound/views/default/menu.html: 0
[2016-11-26 22:29:51] EDIT ExFound/views/default/menu.html: 0
[2016-11-26 22:30:15] EDIT ExFound/views/default/menu.html: 0
[2016-11-26 22:30:50] EDIT ExFound/views/default/menu.html: 0
[2016-11-26 22:31:15] EDIT ExFound/views/default/menu.html: 0
[2016-11-26 22:31:39] EDIT ExFound/views/default/menu.html: 0
[2016-11-26 22:31:59] EDIT ExFound/views/default/menu.html: 0
[2016-11-26 22:33:17] EDIT ExFound/views/default/menu.html: 0
[2016-11-26 22:33:19] EDIT ExFound/views/default/menu.html: 0
[2016-11-26 22:33:24] EDIT ExFound/views/default/menu.html: 0
[2016-11-26 22:35:38] EDIT ExFound/views/default/menu.html: 0
[2016-11-26 22:36:28] CREATE default/cad_leilao.html: 0
[2016-11-26 22:36:52] EDIT ExFound/controllers/default.py: 2
[2016-11-26 22:37:35] EDIT ExFound/views/default/cad_leilao.html: 32
[2016-11-26 22:43:22] EDIT ExFound/views/default/cad_leilao.html: 0
[2016-11-26 22:44:30] EDIT ExFound/views/default/cad_leilao.html: 4
[2016-11-26 22:46:42] EDIT ExFound/views/default/cad_leilao.html: 3
[2016-11-26 22:50:01] EDIT ExFound/views/default/cad_leilao.html: 0
[2016-11-26 22:50:25] EDIT ExFound/views/default/cad_leilao.html: 3
[2016-11-26 22:51:31] EDIT ExFound/views/default/cad_leilao.html: 3
[2016-11-26 22:52:50] EDIT ExFound/views/default/cad_leilao.html: 3
[2016-11-26 22:54:05] EDIT ExFound/views/default/cad_leilao.html: 2
[2016-11-26 22:54:19] EDIT ExFound/views/default/cad_leilao.html: 0
[2016-11-26 22:54:46] EDIT ExFound/views/default/cad_leilao.html: 0
[2016-11-26 22:55:15] EDIT ExFound/views/default/cad_leilao.html: 8
[2016-11-26 22:56:36] EDIT ExFound/views/default/cad_leilao.html: 8
[2016-11-26 22:56:44] EDIT ExFound/views/default/cad_leilao.html: 0
[2016-11-26 22:57:58] EDIT ExFound/views/default/cad_leilao.html: 0
[2016-11-26 22:59:14] EDIT ExFound/views/default/cad_leilao.html: 8
[2016-11-26 22:59:22] EDIT ExFound/views/default/cad_leilao.html: 0
[2016-11-26 22:59:34] EDIT ExFound/views/default/cad_leilao.html: 0
[2016-11-26 23:00:00] EDIT ExFound/views/default/cad_leilao.html: -3
[2016-11-26 23:00:09] EDIT ExFound/views/default/cad_leilao.html: 3
[2016-11-26 23:00:47] EDIT ExFound/models/db.py: 0
[2016-11-26 23:00:55] EDIT ExFound/views/default/cad_leilao.html: 0
[2016-11-26 23:01:04] EDIT ExFound/views/default/cad_leilao.html: 0
[2016-11-26 23:01:22] EDIT ExFound/views/default/cad_leilao.html: 0
[2016-11-26 23:01:31] EDIT ExFound/views/default/cad_leilao.html: 0
[2016-11-26 23:02:34] EDIT ExFound/views/default/cad_leilao.html: 0
[2016-11-26 23:03:01] EDIT ExFound/views/default/cad_leilao.html: 0
[2016-11-26 23:03:50] EDIT ExFound/views/default/cad_leilao.html: 3
[2016-11-26 23:04:25] EDIT ExFound/views/default/cad_leilao.html: 0
[2016-11-26 23:04:58] EDIT ExFound/views/default/cad_leilao.html: 0
[2016-11-26 23:05:14] EDIT ExFound/views/default/cad_leilao.html: 0
[2016-11-26 23:06:42] EDIT ExFound/views/default/cad_leilao.html: 0
[2016-11-26 23:19:18] EDIT ExFound/views/default/cad_leilao.html: 2
[2016-11-26 23:21:20] EDIT ExFound/views/default/cad_leilao.html: -5
[2016-11-26 23:22:14] EDIT ExFound/views/layout.html: 0
[2016-11-26 23:22:34] EDIT ExFound/views/layout.html: 0
[2016-11-26 23:24:25] EDIT ExFound/views/default/menu.html: 0
[2016-11-26 23:24:43] EDIT ExFound/views/default/menu.html: 0
[2016-11-26 23:25:50] EDIT ExFound/views/default/menu.html: 0
[2016-11-26 23:26:14] EDIT ExFound/views/default/cad_leilao.html: 0
[2016-11-26 23:26:36] CREATE default/cad_perito.html: 0
[2016-11-26 23:26:58] EDIT ExFound/controllers/default.py: 2
[2016-11-26 23:27:08] EDIT ExFound/views/default/cad_perito.html: -2
[2016-11-26 23:27:27] EDIT ExFound/views/default/cad_perito.html: 36
[2016-11-26 23:30:53] EDIT ExFound/views/default/cad_perito.html: 9
[2016-11-26 23:32:41] EDIT ExFound/views/default/cad_perito.html: -2
[2016-11-26 23:32:44] EDIT ExFound/views/default/cad_perito.html: 0
[2016-11-26 23:33:13] EDIT ExFound/views/default/cad_perito.html: 3
[2016-11-26 23:33:52] EDIT ExFound/views/default/cad_perito.html: 3
[2016-11-26 23:36:07] EDIT ExFound/views/default/cad_perito.html: 4
[2016-11-26 23:37:42] EDIT ExFound/views/default/cad_perito.html: 0
[2016-11-26 23:38:53] EDIT ExFound/controllers/default.py: 2
[2016-11-26 23:39:03] EDIT ExFound/controllers/default.py: 0
[2016-11-26 23:39:20] CREATE default/tela_consulta.html: 0
[2016-11-26 23:39:34] EDIT ExFound/views/default/tela_consulta.html: 0
[2016-11-26 23:41:28] EDIT ExFound/views/default/cad_perito.html: 3
[2016-11-26 23:41:39] EDIT ExFound/views/default/cad_perito.html: 0
[2016-11-26 23:41:53] EDIT ExFound/views/default/cad_perito.html: 0
[2016-11-26 23:42:10] EDIT ExFound/views/default/tela_consulta.html: -2
[2016-11-26 23:42:34] EDIT ExFound/views/default/tela_consulta.html: 33
[2016-11-26 23:42:38] EDIT ExFound/views/default/tela_consulta.html: 0
[2016-11-26 23:54:12] EDIT ExFound/views/default/tela_consulta.html: 17
[2016-11-26 23:54:20] EDIT ExFound/views/default/tela_consulta.html: 8
[2016-11-26 23:54:47] EDIT ExFound/views/default/tela_consulta.html: 2
[2016-11-26 23:57:42] EDIT ExFound/views/default/tela_consulta.html: 5
[2016-11-26 23:58:15] EDIT ExFound/views/default/tela_consulta.html: 0
[2016-11-27 00:01:02] EDIT ExFound/views/default/tela_consulta.html: -19
[2016-11-27 00:01:43] EDIT ExFound/views/default/tela_consulta.html: 0
[2016-11-27 00:02:47] EDIT ExFound/views/default/tela_consulta.html: 5
[2016-11-27 00:05:46] EDIT ExFound/views/default/tela_consulta.html: -4
[2016-11-27 00:06:30] EDIT ExFound/views/default/tela_consulta.html: 4
[2016-11-27 00:06:42] EDIT ExFound/views/default/tela_consulta.html: -4
[2016-11-27 00:07:36] EDIT ExFound/views/default/tela_consulta.html: 3
[2016-11-27 00:07:53] EDIT ExFound/views/default/tela_consulta.html: 0
[2016-11-27 00:08:26] EDIT ExFound/views/default/tela_consulta.html: 0
[2016-11-27 00:09:15] EDIT ExFound/views/default/tela_consulta.html: 0
[2016-11-27 00:09:43] EDIT ExFound/views/default/tela_consulta.html: 1
[2016-11-27 00:10:44] EDIT ExFound/views/default/tela_consulta.html: 2
[2016-11-27 00:11:45] EDIT ExFound/views/default/tela_consulta.html: 0
[2016-11-27 00:11:48] EDIT ExFound/views/default/tela_consulta.html: 0
[2016-11-27 00:12:02] EDIT ExFound/views/default/tela_consulta.html: 0
[2016-11-27 00:12:25] EDIT ExFound/views/default/tela_consulta.html: 2
[2016-11-27 00:12:59] EDIT ExFound/views/default/tela_consulta.html: 3
[2016-11-27 00:14:53] EDIT ExFound/views/default/cad_perito.html: 0
[2016-11-27 00:15:22] EDIT ExFound/views/default/tela_consulta.html: 2
[2016-11-27 00:17:24] EDIT ExFound/views/default/tela_consulta.html: 1
[2016-11-27 00:18:47] EDIT ExFound/views/default/tela_consulta.html: 2
[2016-11-27 00:19:08] EDIT ExFound/views/default/tela_consulta.html: 0
[2016-11-27 00:20:40] EDIT ExFound/views/default/tela_consulta.html: 0
[2016-11-27 00:20:53] EDIT ExFound/views/default/tela_consulta.html: 0
[2016-11-27 00:21:01] EDIT ExFound/views/default/tela_consulta.html: 0
[2016-11-27 00:22:14] EDIT ExFound/views/default/tela_consulta.html: 0
[2016-11-27 00:22:44] EDIT ExFound/views/default/tela_consulta.html: 0
[2016-11-27 00:23:44] EDIT ExFound/views/default/tela_consulta.html: 0
[2016-11-27 00:24:21] EDIT ExFound/views/default/tela_consulta.html: 0
[2016-11-27 00:24:36] EDIT ExFound/views/default/tela_consulta.html: 0
[2016-11-27 00:25:07] EDIT ExFound/views/default/tela_consulta.html: 0
[2016-11-27 00:25:17] EDIT ExFound/views/default/tela_consulta.html: 0
[2016-11-27 00:25:38] EDIT ExFound/views/default/tela_consulta.html: 0
[2016-11-27 00:25:45] EDIT ExFound/views/default/tela_consulta.html: 0
[2016-11-27 00:25:54] EDIT ExFound/views/default/tela_consulta.html: 0
[2016-11-27 00:26:57] EDIT ExFound/views/default/tela_consulta.html: 1
[2016-11-27 00:27:17] EDIT ExFound/views/default/tela_consulta.html: -1
[2016-11-27 00:27:53] EDIT ExFound/views/default/tela_consulta.html: 3
[2016-11-27 00:27:59] EDIT ExFound/views/default/tela_consulta.html: 0
[2016-11-27 00:28:24] EDIT ExFound/views/default/tela_consulta.html: 1
[2016-11-27 00:28:36] EDIT ExFound/views/default/tela_consulta.html: 1
[2016-11-27 00:28:48] EDIT ExFound/views/default/tela_consulta.html: -2
[2016-11-27 00:28:55] EDIT ExFound/views/default/tela_consulta.html: 0
[2016-11-27 00:29:04] EDIT ExFound/views/default/tela_consulta.html: 0
[2016-11-27 00:29:28] EDIT ExFound/views/default/tela_consulta.html: 0
[2016-11-27 00:29:40] EDIT ExFound/views/default/tela_consulta.html: 0
[2016-11-27 00:33:24] EDIT ExFound/views/default/tela_consulta.html: 7
[2016-11-27 00:33:53] EDIT ExFound/views/default/tela_consulta.html: 1
[2016-11-27 00:34:44] EDIT ExFound/views/default/tela_consulta.html: 0
[2016-11-27 00:35:55] EDIT ExFound/views/default/tela_consulta.html: 2
[2016-11-27 00:37:35] EDIT ExFound/views/default/tela_consulta.html: -2
[2016-11-27 00:38:01] EDIT ExFound/views/default/tela_consulta.html: 1
[2016-11-27 00:38:39] EDIT ExFound/views/default/tela_consulta.html: -1
[2016-11-27 00:40:38] EDIT ExFound/views/default/tela_consulta.html: 5
[2016-11-27 00:41:02] EDIT ExFound/views/default/tela_consulta.html: 0
[2016-11-27 00:41:43] EDIT ExFound/views/default/tela_consulta.html: 0
[2016-11-27 00:41:59] EDIT ExFound/views/default/tela_consulta.html: 0
[2016-11-27 00:42:16] EDIT ExFound/views/default/tela_consulta.html: 0
[2016-11-27 00:42:41] EDIT ExFound/views/default/tela_consulta.html: 0
[2016-11-27 01:13:33] EDIT ExFound/views/default/menu.html: -1
[2016-11-27 01:13:41] EDIT ExFound/views/default/menu.html: 1
[2016-11-27 01:16:19] EDIT ExFound/views/default/tela_consulta.html: 0
[2016-11-27 01:17:34] EDIT ExFound/controllers/default.py: 2
[2016-11-27 01:17:43] EDIT ExFound/controllers/default.py: 0
[2016-11-27 01:20:14] CREATE default/tela_leilao.html: 0
[2016-11-27 01:20:28] EDIT ExFound/views/default/tela_leilao.html: -2
[2016-11-27 01:20:57] EDIT ExFound/views/default/tela_leilao.html: 34
[2016-11-27 01:27:05] EDIT ExFound/views/default/tela_leilao.html: 7
[2016-11-27 01:30:34] EDIT ExFound/views/default/tela_leilao.html: 2
[2016-11-27 01:31:08] EDIT ExFound/views/default/tela_leilao.html: 2
[2016-11-27 01:31:22] EDIT ExFound/views/default/tela_leilao.html: 0
[2016-11-27 01:31:30] EDIT ExFound/views/default/tela_leilao.html: 0
[2016-11-27 01:31:41] EDIT ExFound/views/default/tela_leilao.html: -2
[2016-11-27 01:32:19] EDIT ExFound/views/default/tela_leilao.html: 0
[2016-11-27 01:32:33] EDIT ExFound/views/default/tela_leilao.html: 0
[2016-11-27 01:32:57] EDIT ExFound/views/default/tela_leilao.html: -7
[2016-11-27 01:33:15] EDIT ExFound/views/default/tela_leilao.html: 2
[2016-11-27 01:33:37] EDIT ExFound/views/default/tela_leilao.html: 3
[2016-11-27 01:33:59] EDIT ExFound/views/default/tela_leilao.html: 0
[2016-11-27 01:36:58] EDIT ExFound/views/default/tela_leilao.html: 2
[2016-11-27 01:37:25] EDIT ExFound/views/default/tela_leilao.html: 1
[2016-11-27 01:38:57] EDIT ExFound/views/default/tela_leilao.html: 2
[2016-11-27 01:39:28] EDIT ExFound/views/default/tela_leilao.html: 0
[2016-11-27 01:41:28] EDIT ExFound/views/default/tela_leilao.html: 2
[2016-11-27 01:42:57] EDIT ExFound/views/default/tela_leilao.html: -5
[2016-11-27 01:44:02] EDIT ExFound/views/default/tela_leilao.html: 2
[2016-11-27 01:44:23] EDIT ExFound/views/default/tela_leilao.html: 0
[2016-11-27 01:45:31] EDIT ExFound/views/default/tela_leilao.html: 5
[2016-11-27 01:46:23] EDIT ExFound/views/default/tela_leilao.html: 6
[2016-11-27 01:46:51] EDIT ExFound/views/default/tela_leilao.html: 1
[2016-11-27 01:47:28] EDIT ExFound/views/default/tela_leilao.html: 0
[2016-11-27 01:48:01] EDIT ExFound/views/default/tela_leilao.html: 1
[2016-11-27 01:48:11] EDIT ExFound/views/default/tela_leilao.html: 0
[2016-11-27 01:48:13] EDIT ExFound/views/default/tela_leilao.html: 0
[2016-11-27 01:48:33] EDIT ExFound/views/default/tela_leilao.html: 1
[2016-11-27 01:48:47] EDIT ExFound/views/default/tela_leilao.html: 0
[2016-11-27 01:48:59] EDIT ExFound/views/default/tela_leilao.html: 0
[2016-11-27 01:49:15] EDIT ExFound/views/default/tela_leilao.html: 0
[2016-11-27 01:49:30] EDIT ExFound/views/default/tela_leilao.html: 0
[2016-11-27 01:49:48] EDIT ExFound/views/default/tela_leilao.html: 1
[2016-11-27 01:50:05] EDIT ExFound/views/default/tela_leilao.html: -1
[2016-11-27 01:50:21] EDIT ExFound/views/default/tela_leilao.html: 1
[2016-11-27 01:52:48] EDIT ExFound/views/default/tela_leilao.html: 0
[2016-11-27 01:53:52] EDIT ExFound/views/default/tela_leilao.html: 0
[2016-11-27 01:54:15] EDIT ExFound/views/default/tela_leilao.html: 0
[2016-11-27 01:54:34] EDIT ExFound/views/default/tela_leilao.html: 2
[2016-11-27 01:54:45] EDIT ExFound/views/default/tela_leilao.html: -2
[2016-11-27 01:55:07] EDIT ExFound/views/default/tela_leilao.html: 0
[2016-11-27 02:00:19] EDIT ExFound/views/default/index.html: 0
[2016-11-27 02:00:41] EDIT ExFound/views/default/tela_leilao.html: 0
[2016-11-27 02:01:14] EDIT ExFound/views/default/tela_leilao.html: 0
[2016-11-27 02:01:35] EDIT ExFound/views/default/tela_consulta.html: 0
[2016-11-27 02:02:29] CREATE tela_detalhes_leilao.html: 0
[2016-11-27 02:02:49] EDIT ExFound/controllers/default.py: 2
[2016-11-27 02:04:33] EDIT ExFound/views/default/tela_leilao.html: 0
[2016-11-27 02:04:40] EDIT ExFound/views/default/tela_leilao.html: 0
[2016-11-27 02:05:33] EDIT ExFound/views/default/tela_leilao.html: 0
[2016-11-27 02:06:30] EDIT ExFound/views/default/tela_leilao.html: 0
[2016-11-27 02:06:52] EDIT ExFound/views/default/tela_leilao.html: 0
[2016-11-27 02:07:19] EDIT ExFound/views/default/tela_leilao.html: 0
[2016-11-27 02:07:27] EDIT ExFound/views/tela_detalhes_leilao.html: -2
[2016-11-27 02:07:44] EDIT ExFound/views/tela_detalhes_leilao.html: 34
[2016-11-27 02:07:46] EDIT ExFound/views/tela_detalhes_leilao.html: 0
[2016-11-27 02:07:50] EDIT ExFound/views/tela_detalhes_leilao.html: 0
[2016-11-27 02:07:59] EDIT ExFound/views/tela_detalhes_leilao.html: 0
[2016-11-27 02:09:00] EDIT ExFound/views/tela_detalhes_leilao.html: 0
[2016-11-27 02:09:00] EDIT ExFound/views/tela_detalhes_leilao.html: 0
[2016-11-27 02:09:00] EDIT ExFound/views/tela_detalhes_leilao.html: 0
[2016-11-27 02:09:23] EDIT ExFound/views/tela_detalhes_leilao.html: 0
[2016-11-27 02:10:11] DELETE ExFound/views/tela_detalhes_leilao.html: -35
[2016-11-27 02:10:37] CREATE default/tela_detalhes_leilao.html: 0
[2016-11-27 02:14:36] EDIT ExFound/views/default/tela_detalhes_leilao.html: 31
[2016-11-27 02:14:42] EDIT ExFound/views/default/tela_detalhes_leilao.html: 1
[2016-11-27 02:15:30] EDIT ExFound/views/default/tela_detalhes_leilao.html: 7
[2016-11-27 02:17:21] EDIT ExFound/views/default/tela_detalhes_leilao.html: -1
[2016-11-27 02:17:46] EDIT ExFound/views/default/tela_detalhes_leilao.html: 6
[2016-11-27 02:18:29] EDIT ExFound/views/default/tela_detalhes_leilao.html: 9
[2016-11-27 02:18:43] EDIT ExFound/views/default/tela_detalhes_leilao.html: 0
[2016-11-27 02:19:04] EDIT ExFound/views/default/tela_detalhes_leilao.html: 3
[2016-11-27 02:19:47] EDIT ExFound/views/default/tela_detalhes_leilao.html: 0
[2016-11-27 02:21:26] EDIT ExFound/views/default/tela_detalhes_leilao.html: 0
[2016-11-27 02:22:59] EDIT ExFound/views/default/tela_detalhes_leilao.html: 18
[2016-11-27 02:25:07] EDIT ExFound/views/default/tela_detalhes_leilao.html: 6
[2016-11-27 02:25:17] EDIT ExFound/views/default/tela_detalhes_leilao.html: 0
[2016-11-27 02:27:07] EDIT ExFound/views/default/tela_detalhes_leilao.html: 12
[2016-11-27 02:27:25] EDIT ExFound/views/default/tela_detalhes_leilao.html: 0
[2016-11-27 02:27:57] EDIT ExFound/views/default/tela_detalhes_leilao.html: 1
[2016-11-27 02:28:13] EDIT ExFound/views/default/tela_detalhes_leilao.html: 1
[2016-11-27 02:28:36] EDIT ExFound/views/default/tela_detalhes_leilao.html: 0
[2016-11-27 02:29:50] EDIT ExFound/views/default/tela_detalhes_leilao.html: 0
[2016-11-27 02:31:57] EDIT ExFound/views/default/tela_detalhes_leilao.html: 0
[2016-11-27 02:32:18] EDIT ExFound/views/default/tela_detalhes_leilao.html: 0
[2016-11-27 02:32:45] EDIT ExFound/views/default/tela_detalhes_leilao.html: 0
[2016-11-27 02:33:08] EDIT ExFound/views/default/tela_detalhes_leilao.html: 0
[2016-11-27 02:33:43] EDIT ExFound/views/default/tela_detalhes_leilao.html: 0
[2016-11-27 02:35:11] EDIT ExFound/views/default/tela_detalhes_leilao.html: 0
[2016-11-27 02:37:19] EDIT ExFound/views/default/tela_detalhes_leilao.html: -2
[2016-11-27 02:37:35] EDIT ExFound/views/default/tela_detalhes_leilao.html: 0
[2016-11-27 02:37:46] EDIT ExFound/views/default/tela_detalhes_leilao.html: 0
[2016-11-27 02:38:06] EDIT ExFound/views/default/tela_detalhes_leilao.html: 0
[2016-11-27 02:52:50] EDIT ExFound/models/db.py: 6
[2016-11-27 02:53:23] EDIT ExFound/models/db.py: 0
[2016-11-27 02:55:55] EDIT ExFound/models/db.py: 2
[2016-11-27 02:55:56] EDIT ExFound/models/db.py: 0
[2016-11-27 03:01:17] EDIT ExFound/models/db.py: 0
[2016-11-27 03:04:15] EDIT ExFound/views/default/index.html: 3
[2016-11-27 03:05:02] EDIT ExFound/views/default/index.html: 2
[2016-11-27 03:05:20] EDIT ExFound/views/default/index.html: 0
[2016-11-27 03:54:51] EDIT ExFound/controllers/default.py: 0
[2016-11-27 03:57:00] EDIT ExFound/views/default/index.html: 0
[2016-11-27 03:58:14] EDIT ExFound/views/default/index.html: 0
[2016-11-27 03:58:36] EDIT ExFound/views/default/index.html: 0
[2016-11-27 04:06:38] EDIT ExFound/views/default/index.html: 6
[2016-11-27 04:07:03] EDIT ExFound/views/default/index.html: 0
[2016-11-27 04:08:13] EDIT ExFound/views/default/index.html: 0
[2016-11-27 04:10:26] EDIT ExFound/controllers/default.py: -21
[2016-11-27 04:11:45] EDIT ExFound/controllers/default.py: 1
[2016-11-27 04:11:57] EDIT ExFound/controllers/default.py: 0
[2016-11-27 04:14:21] EDIT ExFound/controllers/default.py: 1
[2016-11-27 04:14:55] EDIT ExFound/controllers/default.py: -1
[2016-11-27 04:15:15] EDIT ExFound/controllers/default.py: 1
[2016-11-27 04:17:10] EDIT ExFound/controllers/default.py: 0
[2016-11-27 04:17:19] EDIT ExFound/controllers/default.py: 0
[2016-11-27 04:17:21] EDIT ExFound/controllers/default.py: 0
[2016-11-27 04:18:13] EDIT ExFound/controllers/default.py: -1
[2016-11-27 04:18:41] EDIT ExFound/controllers/default.py: 1
[2016-11-27 04:19:40] EDIT ExFound/controllers/default.py: 0
[2016-11-27 04:19:48] EDIT ExFound/controllers/default.py: 0
[2016-11-27 04:20:30] EDIT ExFound/controllers/default.py: 1
[2016-11-27 04:20:37] EDIT ExFound/controllers/default.py: 0
[2016-11-27 04:22:12] EDIT ExFound/controllers/default.py: 1
[2016-11-27 04:22:59] EDIT ExFound/controllers/default.py: 0
[2016-11-27 04:23:32] EDIT ExFound/views/default/index.html: 5
[2016-11-27 04:30:03] EDIT ExFound/controllers/default.py: 1
[2016-11-27 04:32:13] EDIT ExFound/controllers/default.py: 4
[2016-11-27 04:32:51] EDIT ExFound/views/default/index.html: 0
[2016-11-27 04:32:56] EDIT ExFound/views/default/index.html: 0
[2016-11-27 04:35:15] EDIT ExFound/controllers/default.py: 0
[2016-11-27 04:35:19] EDIT ExFound/controllers/default.py: 0
[2016-11-27 04:46:10] EDIT ExFound/controllers/default.py: -9
[2016-11-27 04:46:31] EDIT ExFound/views/default/index.html: 0
[2016-11-27 04:48:55] EDIT ExFound/views/default/index.html: -16
[2016-11-27 04:49:36] EDIT ExFound/views/default/index.html: 0
[2016-11-27 04:49:51] EDIT ExFound/views/default/index.html: 0
[2016-11-27 04:50:54] EDIT ExFound/views/default/index.html: 0
[2016-11-27 04:51:29] EDIT ExFound/views/default/index.html: 0
[2016-11-27 04:52:11] EDIT ExFound/controllers/default.py: 0
[2016-11-27 04:52:43] EDIT ExFound/views/default/menu.html: 3
[2016-11-27 04:53:17] EDIT ExFound/views/default/menu.html: 0
[2016-11-27 04:53:58] EDIT ExFound/views/default/menu.html: 0
[2016-11-27 04:54:38] EDIT ExFound/views/default/index.html: 0
[2016-11-27 04:55:02] EDIT ExFound/views/default/menu.html: 0
[2016-11-27 04:56:08] EDIT ExFound/views/default/menu.html: -3
[2016-11-27 04:56:38] EDIT ExFound/views/default/menu.html: 3
[2016-11-27 04:57:01] EDIT ExFound/views/default/menu.html: -3
[2016-11-27 05:01:08] EDIT ExFound/views/default/menu.html: 0
[2016-11-27 05:07:12] EDIT ExFound/models/db.py: 7
[2016-11-27 05:07:27] EDIT ExFound/models/db.py: 0
[2016-11-27 05:09:05] EDIT ExFound/models/db.py: 0
[2016-11-27 05:13:29] EDIT ExFound/views/default/cad_leilao.html: 0
[2016-11-27 05:13:34] EDIT ExFound/views/default/cad_leilao.html: 0
[2016-11-27 05:13:43] EDIT ExFound/views/default/cad_leilao.html: 0
[2016-11-27 05:14:19] EDIT ExFound/views/default/cad_leilao.html: 0
[2016-11-27 05:14:40] EDIT ExFound/views/default/cad_leilao.html: 0
[2016-11-27 05:14:53] EDIT ExFound/views/default/cad_leilao.html: 0
[2016-11-27 05:15:04] EDIT ExFound/views/default/cad_leilao.html: 0
[2016-11-27 05:15:17] EDIT ExFound/views/default/cad_leilao.html: 0
[2016-11-27 05:15:27] EDIT ExFound/views/default/cad_leilao.html: 0
[2016-11-27 05:15:32] EDIT ExFound/views/default/cad_leilao.html: 0
[2016-11-27 05:16:00] EDIT ExFound/controllers/default.py: 2
[2016-11-27 05:17:58] EDIT ExFound/models/db.py: 0
[2016-11-27 05:18:06] EDIT ExFound/models/db.py: 0
[2016-11-27 05:21:56] EDIT ExFound/controllers/default.py: 5
[2016-11-27 05:22:02] EDIT ExFound/controllers/default.py: 0
[2016-11-27 05:22:04] EDIT ExFound/controllers/default.py: 0
[2016-11-27 05:22:20] EDIT ExFound/controllers/default.py: 0
[2016-11-27 05:23:06] EDIT ExFound/controllers/default.py: 2
[2016-11-27 05:26:33] EDIT ExFound/controllers/default.py: 0
[2016-11-27 05:27:12] EDIT ExFound/controllers/default.py: 0
[2016-11-27 05:32:09] EDIT ExFound/controllers/default.py: 0
[2016-11-27 05:32:12] EDIT ExFound/controllers/default.py: 0
[2016-11-27 05:32:20] EDIT ExFound/controllers/default.py: 0
[2016-11-27 05:32:33] EDIT ExFound/controllers/default.py: 0
[2016-11-27 05:35:51] EDIT ExFound/controllers/default.py: 0
[2016-11-27 05:36:12] EDIT ExFound/controllers/default.py: 1
[2016-11-27 05:37:47] EDIT ExFound/controllers/default.py: 0
[2016-11-27 05:37:53] EDIT ExFound/controllers/default.py: 0
[2016-11-27 05:38:16] EDIT ExFound/controllers/default.py: 0
[2016-11-27 05:40:30] EDIT ExFound/controllers/default.py: 0
[2016-11-27 05:40:59] EDIT ExFound/controllers/default.py: 0
[2016-11-27 05:41:16] EDIT ExFound/views/default/cad_leilao.html: 0
[2016-11-27 05:41:43] EDIT ExFound/models/db.py: 0
[2016-11-27 05:42:03] EDIT ExFound/controllers/default.py: 0
[2016-11-27 05:42:17] EDIT ExFound/controllers/default.py: 0
[2016-11-27 05:42:49] EDIT ExFound/models/db.py: 0
[2016-11-27 05:44:04] EDIT ExFound/controllers/default.py: 0
[2016-11-27 05:45:27] EDIT ExFound/controllers/default.py: 0
[2016-11-27 05:46:38] EDIT ExFound/controllers/default.py: 1
[2016-11-27 05:52:50] EDIT ExFound/views/default/cad_perito.html: 0
[2016-11-27 05:53:03] EDIT ExFound/views/default/cad_perito.html: 0
[2016-11-27 05:53:40] EDIT ExFound/views/default/cad_perito.html: 0
[2016-11-27 05:53:50] EDIT ExFound/views/default/cad_perito.html: 0
[2016-11-27 05:54:14] EDIT ExFound/controllers/default.py: 2
[2016-11-27 05:56:38] EDIT ExFound/controllers/default.py: 4
[2016-11-27 05:57:29] EDIT ExFound/controllers/default.py: 2
[2016-11-27 05:57:35] EDIT ExFound/controllers/default.py: 0
[2016-11-27 05:58:39] EDIT ExFound/views/default/cad_perito.html: 0
[2016-11-27 05:59:40] EDIT ExFound/controllers/default.py: 0
[2016-11-27 06:00:00] EDIT ExFound/models/db.py: 0
[2016-11-27 06:00:26] EDIT ExFound/models/db.py: 0
[2016-11-27 06:01:56] EDIT ExFound/controllers/default.py: 0
[2016-11-27 06:02:25] EDIT ExFound/models/db.py: 0
[2016-11-27 06:03:26] EDIT ExFound/controllers/default.py: 1
[2016-11-27 07:13:10] EDIT ExFound/models/db.py: 4
[2016-11-27 07:14:02] EDIT ExFound/models/db.py: 1
[2016-11-27 07:16:39] EDIT ExFound/views/default/tela_detalhes_leilao.html: 0
[2016-11-27 07:17:00] EDIT ExFound/views/default/tela_detalhes_leilao.html: 0
[2016-11-27 07:28:14] EDIT ExFound/views/default/tela_detalhes_leilao.html: 0
[2016-11-27 07:29:46] EDIT ExFound/views/default/tela_detalhes_leilao.html: 0
[2016-11-27 07:30:27] EDIT ExFound/views/default/tela_detalhes_leilao.html: 0
[2016-11-27 07:32:16] EDIT ExFound/controllers/default.py: 5
[2016-11-27 07:32:30] EDIT ExFound/controllers/default.py: 0
[2016-11-27 07:32:31] EDIT ExFound/controllers/default.py: 0
[2016-11-27 07:32:58] EDIT ExFound/controllers/default.py: 0
[2016-11-27 07:33:06] EDIT ExFound/controllers/default.py: 0
[2016-11-27 07:33:08] EDIT ExFound/controllers/default.py: 0
[2016-11-27 07:33:27] EDIT ExFound/controllers/default.py: 0
[2016-11-27 07:33:29] EDIT ExFound/controllers/default.py: 0
[2016-11-27 07:33:34] EDIT ExFound/controllers/default.py: 0
[2016-11-27 07:33:46] EDIT ExFound/controllers/default.py: 1
[2016-11-27 07:40:46] EDIT ExFound/views/default/tela_detalhes_leilao.html: 0
[2016-11-27 07:40:49] EDIT ExFound/views/default/tela_detalhes_leilao.html: 0
[2016-11-27 07:41:31] EDIT ExFound/controllers/default.py: 0
[2016-11-27 07:42:03] EDIT ExFound/views/default/tela_detalhes_leilao.html: 0
[2016-11-27 07:43:37] EDIT ExFound/views/default/tela_detalhes_leilao.html: 0
[2016-11-27 07:44:35] EDIT ExFound/controllers/default.py: 0
[2016-11-27 07:44:39] EDIT ExFound/controllers/default.py: 0
[2016-11-27 07:44:45] EDIT ExFound/controllers/default.py: 0
[2016-11-27 07:49:18] EDIT ExFound/views/default/tela_detalhes_leilao.html: 0
[2016-11-27 07:49:39] EDIT ExFound/views/default/tela_detalhes_leilao.html: 0
[2016-11-27 07:52:01] EDIT ExFound/views/default/tela_detalhes_leilao.html: 0
[2016-11-27 07:52:14] EDIT ExFound/views/default/tela_detalhes_leilao.html: 0
[2016-11-27 07:54:12] EDIT ExFound/views/default/tela_detalhes_leilao.html: 0
[2016-11-27 07:55:38] EDIT ExFound/views/default/tela_detalhes_leilao.html: 0
[2016-11-27 07:55:59] EDIT ExFound/views/default/tela_detalhes_leilao.html: 0
[2016-11-27 07:56:15] EDIT ExFound/views/default/tela_detalhes_leilao.html: 0
[2016-11-27 07:58:54] EDIT ExFound/views/default/tela_detalhes_leilao.html: 0
[2016-11-27 07:59:26] EDIT ExFound/views/default/tela_detalhes_leilao.html: 0
[2016-11-27 08:00:18] EDIT ExFound/views/default/tela_detalhes_leilao.html: 0
[2016-11-27 08:00:32] EDIT ExFound/views/default/tela_detalhes_leilao.html: 0
[2016-11-27 08:01:14] EDIT ExFound/views/default/tela_detalhes_leilao.html: 0
[2016-11-27 08:02:39] EDIT ExFound/views/default/tela_detalhes_leilao.html: 0
[2016-11-27 08:02:51] EDIT ExFound/views/default/tela_detalhes_leilao.html: 0
[2016-11-27 08:03:10] EDIT ExFound/controllers/default.py: 0
[2016-11-27 08:04:02] EDIT ExFound/controllers/default.py: 0
[2016-11-27 08:04:03] EDIT ExFound/controllers/default.py: 0
[2016-11-27 08:04:09] EDIT ExFound/controllers/default.py: 0
[2016-11-27 08:04:12] EDIT ExFound/controllers/default.py: 0
[2016-11-27 08:22:38] EDIT ExFound/controllers/default.py: 0
[2016-11-27 08:25:51] EDIT ExFound/views/default/tela_leilao.html: 0
[2016-11-27 08:28:10] EDIT ExFound/controllers/default.py: 1
[2016-11-27 08:29:05] EDIT ExFound/controllers/default.py: 0
[2016-11-27 08:29:56] EDIT ExFound/controllers/default.py: 0
[2016-11-27 08:34:30] EDIT ExFound/views/default/tela_detalhes_leilao.html: 0
[2016-11-27 08:35:00] EDIT ExFound/views/default/tela_detalhes_leilao.html: 0
[2016-11-27 08:35:26] EDIT ExFound/views/default/tela_detalhes_leilao.html: 0
[2016-11-27 08:35:59] EDIT ExFound/views/default/tela_detalhes_leilao.html: 0
[2016-11-27 08:36:11] EDIT ExFound/views/default/tela_detalhes_leilao.html: 0
[2016-11-27 08:36:57] EDIT ExFound/views/default/tela_detalhes_leilao.html: 0
[2016-11-27 08:37:12] EDIT ExFound/views/default/tela_detalhes_leilao.html: 0
[2016-11-27 08:37:30] EDIT ExFound/views/default/tela_detalhes_leilao.html: 0
[2016-11-27 08:38:13] EDIT ExFound/views/default/tela_detalhes_leilao.html: 0
[2016-11-27 08:38:15] EDIT ExFound/views/default/tela_detalhes_leilao.html: 0
[2016-11-27 08:40:18] EDIT ExFound/views/default/tela_detalhes_leilao.html: -1
[2016-11-27 08:40:34] EDIT ExFound/views/default/tela_detalhes_leilao.html: 0
[2016-11-27 08:41:09] EDIT ExFound/views/default/tela_detalhes_leilao.html: -1
[2016-11-27 08:43:49] EDIT ExFound/models/db.py: 0
[2016-11-27 08:43:51] EDIT ExFound/models/db.py: 0
[2016-11-27 08:44:16] EDIT ExFound/models/db.py: 0
[2016-11-27 08:44:29] EDIT ExFound/models/db.py: 0
[2016-11-27 08:46:02] EDIT ExFound/views/default/tela_detalhes_leilao.html: 2
[2016-11-27 08:46:25] EDIT ExFound/views/default/tela_detalhes_leilao.html: 0
[2016-11-27 08:47:11] EDIT ExFound/controllers/default.py: 1
[2016-11-27 08:48:06] EDIT ExFound/controllers/default.py: 0
[2016-11-27 08:49:07] EDIT ExFound/views/default/tela_detalhes_leilao.html: -2
[2016-11-27 08:50:42] EDIT ExFound/views/default/tela_detalhes_leilao.html: 2
[2016-11-27 08:51:05] EDIT ExFound/views/default/tela_detalhes_leilao.html: -1
[2016-11-27 08:52:16] EDIT ExFound/views/default/tela_detalhes_leilao.html: 0
[2016-11-27 08:52:22] EDIT ExFound/views/default/tela_detalhes_leilao.html: 0
[2016-11-27 08:53:34] EDIT ExFound/views/default/tela_detalhes_leilao.html: 0
[2016-11-27 08:53:47] EDIT ExFound/views/default/tela_detalhes_leilao.html: 0
[2016-11-27 08:54:07] EDIT ExFound/views/default/tela_detalhes_leilao.html: 0
[2016-11-27 08:54:30] EDIT ExFound/views/default/tela_detalhes_leilao.html: 0
[2016-11-27 08:55:46] EDIT ExFound/views/default/tela_detalhes_leilao.html: 0
[2016-11-27 08:56:16] EDIT ExFound/views/default/tela_detalhes_leilao.html: 0
[2016-11-27 08:58:05] EDIT ExFound/views/default/tela_detalhes_leilao.html: 0
[2016-11-27 08:58:37] EDIT ExFound/views/default/tela_detalhes_leilao.html: 0
[2016-11-27 09:42:07] EDIT ExFound/views/default/tela_detalhes_leilao.html: 0
[2016-11-27 09:43:16] EDIT ExFound/views/default/tela_detalhes_leilao.html: 0
[2016-11-27 09:43:44] EDIT ExFound/views/default/tela_detalhes_leilao.html: 0
[2016-11-27 09:44:10] EDIT ExFound/views/default/tela_detalhes_leilao.html: 0
[2016-11-27 09:44:20] EDIT ExFound/views/default/tela_detalhes_leilao.html: 0
[2016-11-27 09:45:50] EDIT ExFound/views/default/tela_consulta.html: 0
[2016-11-27 09:46:34] EDIT ExFound/views/default/tela_consulta.html: 0
[2016-11-27 09:48:20] EDIT ExFound/views/default/tela_leilao.html: 0
[2016-11-27 09:48:46] EDIT ExFound/views/default/tela_leilao.html: 0
[2016-11-27 09:56:13] EDIT ExFound/views/default/tela_consulta.html: 0
[2016-11-27 09:58:12] EDIT ExFound/views/default/tela_consulta.html: 4
[2016-11-27 09:58:23] EDIT ExFound/views/default/tela_consulta.html: 0
[2016-11-27 09:58:47] EDIT ExFound/views/default/tela_consulta.html: 0
[2016-11-27 10:00:01] EDIT ExFound/views/default/tela_consulta.html: -1
[2016-11-27 10:01:15] EDIT ExFound/views/default/tela_consulta.html: 3
[2016-11-27 10:01:51] EDIT ExFound/views/default/tela_consulta.html: 1
[2016-11-27 10:03:31] EDIT ExFound/views/default/tela_consulta.html: 0
[2016-11-27 10:04:55] EDIT ExFound/views/default/tela_consulta.html: 0
[2016-11-27 10:05:07] EDIT ExFound/views/default/tela_consulta.html: 0
[2016-11-27 10:05:25] EDIT ExFound/views/default/tela_consulta.html: 0
[2016-11-27 10:07:01] EDIT ExFound/views/default/tela_consulta.html: 2
[2016-11-27 10:08:07] EDIT ExFound/views/default/tela_consulta.html: 2
[2016-11-27 10:09:14] EDIT ExFound/views/default/tela_consulta.html: 1
[2016-11-27 10:09:26] EDIT ExFound/views/default/tela_consulta.html: 0
[2016-11-27 10:10:03] EDIT ExFound/views/default/tela_consulta.html: 2
[2016-11-27 10:10:09] EDIT ExFound/views/default/tela_consulta.html: 0
[2016-11-27 10:10:23] EDIT ExFound/views/default/tela_consulta.html: 0
[2016-11-27 10:10:48] EDIT ExFound/views/default/tela_consulta.html: 3
[2016-11-27 10:11:35] EDIT ExFound/views/default/tela_consulta.html: 0
[2016-11-27 10:12:00] EDIT ExFound/views/default/tela_consulta.html: 0
[2016-11-27 10:12:34] EDIT ExFound/views/default/tela_consulta.html: 0
[2016-11-27 10:13:01] EDIT ExFound/views/default/tela_consulta.html: 0
[2016-11-27 10:14:02] EDIT ExFound/views/default/tela_consulta.html: 0
[2016-11-27 10:14:27] EDIT ExFound/views/default/tela_consulta.html: 1
[2016-11-27 10:14:44] EDIT ExFound/views/default/tela_consulta.html: 0
[2016-11-27 10:15:07] EDIT ExFound/views/default/tela_consulta.html: -1
[2016-11-27 10:15:19] EDIT ExFound/views/default/tela_consulta.html: 0
[2016-11-27 10:15:59] EDIT ExFound/views/default/tela_consulta.html: 0
[2016-11-27 10:16:14] EDIT ExFound/views/default/tela_consulta.html: 0
[2016-11-27 10:16:53] EDIT ExFound/views/default/tela_consulta.html: 2
[2016-11-27 10:17:07] EDIT ExFound/views/default/tela_consulta.html: 1
[2016-11-27 10:17:19] EDIT ExFound/views/default/tela_consulta.html: 0
[2016-11-27 10:17:36] EDIT ExFound/views/default/tela_consulta.html: 0
[2016-11-27 10:17:53] EDIT ExFound/views/default/tela_consulta.html: 0
[2016-11-27 10:17:57] EDIT ExFound/views/default/tela_consulta.html: 0
[2016-11-27 10:19:52] EDIT ExFound/views/default/tela_consulta.html: 0
[2016-11-27 10:20:22] EDIT ExFound/views/default/tela_consulta.html: 0
[2016-11-27 10:21:14] EDIT ExFound/views/default/tela_consulta.html: 0
[2016-11-27 10:21:48] EDIT ExFound/views/default/tela_consulta.html: 0
[2016-11-27 10:22:00] EDIT ExFound/views/default/tela_consulta.html: 0
[2016-11-27 10:23:35] EDIT ExFound/views/default/cad_perito.html: 1
[2016-11-27 10:23:40] EDIT ExFound/views/default/cad_perito.html: 0
[2016-11-27 10:24:08] EDIT ExFound/views/default/cad_perito.html: 0
[2016-11-27 10:24:20] EDIT ExFound/views/default/cad_perito.html: 0
[2016-11-27 10:24:37] EDIT ExFound/views/default/cad_perito.html: 0
[2016-11-27 10:25:30] EDIT ExFound/views/default/tela_leilao.html: 1
[2016-11-27 10:26:15] EDIT ExFound/views/default/tela_consulta.html: 1
[2016-11-27 10:26:57] EDIT ExFound/views/default/tela_consulta.html: 0
[2016-11-27 10:27:13] EDIT ExFound/views/default/tela_consulta.html: 0
[2016-11-27 10:27:23] EDIT ExFound/views/default/tela_consulta.html: 0
[2016-11-27 10:27:49] EDIT ExFound/views/default/tela_consulta.html: 0
[2016-11-27 10:28:09] EDIT ExFound/views/default/tela_consulta.html: -1
[2016-11-27 10:28:25] EDIT ExFound/views/default/tela_consulta.html: 1
[2016-11-27 10:29:37] EDIT ExFound/views/default/cad_perito.html: 1
[2016-11-27 10:29:43] EDIT ExFound/views/default/cad_perito.html: 0
[2016-11-27 10:30:14] EDIT ExFound/views/default/cad_perito.html: 1
[2016-11-27 10:30:41] EDIT ExFound/views/default/cad_perito.html: 1
[2016-11-27 10:31:01] EDIT ExFound/views/default/cad_perito.html: 1
[2016-11-27 10:32:12] EDIT ExFound/views/default/cad_leilao.html: 1
[2016-11-27 10:33:08] EDIT ExFound/views/default/cad_leilao.html: 1
[2016-11-27 10:34:04] EDIT ExFound/views/default/cad_leilao.html: 1
[2016-11-27 10:34:23] EDIT ExFound/views/default/cad_leilao.html: 0
[2016-11-27 10:34:54] EDIT ExFound/views/default/cad_leilao.html: 1
[2016-11-27 10:35:28] EDIT ExFound/views/default/cad_leilao.html: 1
[2016-11-27 10:35:55] EDIT ExFound/views/default/cad_leilao.html: 1
[2016-11-27 10:36:11] EDIT ExFound/views/default/cad_leilao.html: 1
[2016-11-27 10:36:25] EDIT ExFound/views/default/cad_leilao.html: 0
[2016-11-27 10:36:55] EDIT ExFound/views/default/cad_leilao.html: 1
[2016-11-27 10:38:44] EDIT ExFound/views/default/tela_leilao.html: 0
[2016-11-27 10:38:58] EDIT ExFound/views/default/tela_leilao.html: 0
[2016-11-27 10:39:23] EDIT ExFound/views/default/tela_detalhes_leilao.html: 0
[2016-11-27 10:39:38] EDIT ExFound/views/default/tela_detalhes_leilao.html: 1
[2016-11-27 10:40:24] EDIT ExFound/views/default/tela_detalhes_leilao.html: 1
[2016-11-27 10:40:54] EDIT ExFound/views/default/tela_detalhes_leilao.html: -1
[2016-11-27 10:41:01] EDIT ExFound/views/default/tela_detalhes_leilao.html: 1
[2016-11-27 10:46:03] EDIT ExFound/views/default/tela_consulta.html: -10
[2016-11-27 10:46:10] EDIT ExFound/views/default/tela_consulta.html: 0
[2016-11-27 10:48:28] EDIT ExFound/views/default/tela_consulta.html: 1
[2016-11-27 10:48:31] EDIT ExFound/views/default/tela_consulta.html: 0
[2016-11-27 10:48:43] EDIT ExFound/views/default/tela_consulta.html: 0
[2016-11-27 10:49:14] EDIT ExFound/views/default/tela_consulta.html: 0
[2016-11-27 10:49:24] EDIT ExFound/views/default/tela_consulta.html: 0
[2016-11-27 10:52:25] EDIT ExFound/views/default/tela_consulta.html: -4
[2016-11-27 10:53:25] EDIT ExFound/views/default/tela_consulta.html: 0
[2016-11-27 10:53:29] EDIT ExFound/views/default/tela_consulta.html: 0
[2016-11-27 10:55:10] EDIT ExFound/views/default/tela_consulta.html: 0
[2016-11-27 10:55:34] EDIT ExFound/views/default/tela_consulta.html: 0
[2016-11-27 10:55:37] EDIT ExFound/views/default/tela_consulta.html: 0
[2016-11-27 10:55:58] EDIT ExFound/views/default/tela_consulta.html: 0
[2016-11-27 10:58:58] EDIT ExFound/views/default/tela_detalhes_leilao.html: 0
[2016-11-27 11:00:03] EDIT ExFound/views/default/tela_consulta.html: 0
[2016-11-27 11:00:13] EDIT ExFound/views/default/tela_consulta.html: 0
[2016-11-27 11:00:16] EDIT ExFound/views/default/tela_consulta.html: 0
[2016-11-27 11:01:14] EDIT ExFound/views/default/tela_consulta.html: 0
[2016-11-27 11:02:12] EDIT ExFound/views/default/tela_consulta.html: 0
[2016-11-27 11:04:27] EDIT ExFound/views/default/tela_consulta.html: 0
[2016-11-27 11:04:49] EDIT ExFound/views/default/tela_consulta.html: 0
[2016-11-27 11:05:13] EDIT ExFound/views/default/tela_consulta.html: 0
[2016-11-27 11:05:55] EDIT ExFound/views/default/tela_consulta.html: 0
[2016-11-27 11:06:30] EDIT ExFound/views/default/tela_consulta.html: 2
[2016-11-27 11:06:43] EDIT ExFound/views/default/tela_consulta.html: 0
[2016-11-27 11:07:27] EDIT ExFound/views/default/tela_consulta.html: -1
[2016-11-27 11:07:29] EDIT ExFound/views/default/tela_consulta.html: 0
[2016-11-27 11:09:29] EDIT ExFound/views/default/tela_consulta.html: 0
[2016-11-27 11:09:44] EDIT ExFound/views/default/tela_consulta.html: 0
[2016-11-27 11:10:09] EDIT ExFound/views/default/tela_consulta.html: -2
[2016-11-27 11:10:11] EDIT ExFound/views/default/tela_consulta.html: 0
[2016-11-27 11:11:01] EDIT ExFound/views/default/tela_consulta.html: 0
[2016-11-27 11:12:24] EDIT ExFound/views/default/tela_consulta.html: 0
[2016-11-27 11:13:01] EDIT ExFound/views/default/tela_consulta.html: 3
[2016-11-27 11:14:27] EDIT ExFound/views/default/tela_consulta.html: -2
[2016-11-27 11:14:41] EDIT ExFound/views/default/tela_consulta.html: 0
[2016-11-27 11:14:42] EDIT ExFound/views/default/tela_consulta.html: 0
[2016-11-27 11:15:01] EDIT ExFound/views/default/tela_consulta.html: -1
[2016-11-27 11:25:15] EDIT ExFound/controllers/default.py: 0
[2016-11-27 11:26:52] EDIT ExFound/controllers/default.py: 1
[2016-11-27 11:26:54] EDIT ExFound/controllers/default.py: 0
[2016-11-27 11:31:17] EDIT ExFound/controllers/default.py: 1
[2016-11-27 11:31:23] EDIT ExFound/controllers/default.py: 0
[2016-11-27 11:32:39] EDIT ExFound/controllers/default.py: 0
